<?xml version="1.0" encoding="UTF-8"?>
<testng-results skipped="0" failed="0" total="1" passed="1">
  <reporter-output>
  </reporter-output>
  <suite name="Default suite" duration-ms="196" started-at="2017-05-29T18:42:14Z" finished-at="2017-05-29T18:42:15Z">
    <groups>
    </groups>
    <test name="Default test" duration-ms="196" started-at="2017-05-29T18:42:14Z" finished-at="2017-05-29T18:42:15Z">
      <class name="com.ActitimeMvn.projectAndCustomerTest.ProjectAndCustomerTest">
        <test-method status="PASS" signature="createCustomerTest()[pri:0, instance:com.ActitimeMvn.projectAndCustomerTest.ProjectAndCustomerTest@4b9e13df]" name="createCustomerTest" duration-ms="138" started-at="2017-05-30T00:12:14Z" finished-at="2017-05-30T00:12:15Z">
          <reporter-output>
          </reporter-output>
        </test-method> <!-- createCustomerTest -->
      </class> <!-- com.ActitimeMvn.projectAndCustomerTest.ProjectAndCustomerTest -->
    </test> <!-- Default test -->
  </suite> <!-- Default suite -->
</testng-results>
